<?xml version="1.0" encoding="UTF-8"?>
<!-- Generated by org.testng.reporters.JUnitXMLReporter -->
<testsuite ignored="0" hostname="LAPTOP-GE7V9ARI" failures="1" tests="2" name="ChromeTest" time="30.71" errors="0" timestamp="2025-04-20T17:16:06 BST">
  <testcase classname="TestCase.TC001_RegistrationPage" name="Registration_page" time="9.076"/>
  <testcase classname="TestCase.TC002_Loginpage" name="login" time="10.064">
    <failure type="java.lang.AssertionError" message="null">
      <![CDATA[java.lang.AssertionError: null
at TestCase.TC002_Loginpage.login(TC002_Loginpage.java:33)
at java.base/java.util.ArrayList.forEach(ArrayList.java:1597)
... Removed 27 stack frames]]>
    </failure>
  </testcase> <!-- login -->
</testsuite> <!-- ChromeTest -->
