<?xml version="1.0" encoding="UTF-8"?>
<testng-results ignored="0" total="1" passed="1" failed="0" skipped="0">
  <reporter-output>
  </reporter-output>
  <suite started-at="2025-04-24T12:12:10 BST" name="Master Suite" finished-at="2025-04-24T12:12:23 BST" duration-ms="12988">
    <groups>
      <group name="Master">
        <method signature="TC001_RegistrationPage.Registration_page()[pri:0, instance:TestCase.TC001_RegistrationPage@60b4beb4]" name="Registration_page" class="TestCase.TC001_RegistrationPage"/>
      </group> <!-- Master -->
      <group name="Sanity">
        <method signature="TC001_RegistrationPage.Registration_page()[pri:0, instance:TestCase.TC001_RegistrationPage@60b4beb4]" name="Registration_page" class="TestCase.TC001_RegistrationPage"/>
      </group> <!-- Sanity -->
      <group name="Regression">
        <method signature="TC001_RegistrationPage.Registration_page()[pri:0, instance:TestCase.TC001_RegistrationPage@60b4beb4]" name="Registration_page" class="TestCase.TC001_RegistrationPage"/>
      </group> <!-- Regression -->
    </groups>
    <test started-at="2025-04-24T12:12:10 BST" name="ChromeTest" finished-at="2025-04-24T12:12:23 BST" duration-ms="12988">
      <class name="TestCase.TC001_RegistrationPage">
        <test-method is-config="true" signature="SetUp(java.lang.String,java.lang.String)[pri:0, instance:TestCase.TC001_RegistrationPage@60b4beb4]" started-at="2025-04-24T12:12:10 BST" name="SetUp" finished-at="2025-04-24T12:12:14 BST" duration-ms="3878" status="PASS">
          <params>
            <param index="0">
              <value>
                <![CDATA[windows]]>
              </value>
            </param>
            <param index="1">
              <value>
                <![CDATA[chrome]]>
              </value>
            </param>
          </params>
          <reporter-output>
          </reporter-output>
        </test-method> <!-- SetUp -->
        <test-method signature="Registration_page()[pri:0, instance:TestCase.TC001_RegistrationPage@60b4beb4]" started-at="2025-04-24T12:12:14 BST" name="Registration_page" finished-at="2025-04-24T12:12:22 BST" duration-ms="8588" status="PASS">
          <reporter-output>
          </reporter-output>
        </test-method> <!-- Registration_page -->
        <test-method is-config="true" signature="teardown()[pri:0, instance:TestCase.TC001_RegistrationPage@60b4beb4]" started-at="2025-04-24T12:12:22 BST" name="teardown" finished-at="2025-04-24T12:12:23 BST" duration-ms="279" status="PASS">
          <reporter-output>
          </reporter-output>
        </test-method> <!-- teardown -->
      </class> <!-- TestCase.TC001_RegistrationPage -->
    </test> <!-- ChromeTest -->
  </suite> <!-- Master Suite -->
</testng-results>
