<?xml version="1.0" encoding="UTF-8"?>
<!-- Generated by org.testng.reporters.JUnitReportReporter -->
<testsuite hostname="LAPTOP-GE7V9ARI" failures="0" tests="5" name="TestCase.TC003_LoginDDT" time="57.334" errors="0" timestamp="2025-04-23T11:48:02 BST" skipped="0">
  <testcase classname="TestCase.TC003_LoginDDT" name="verify_Login" time="6.170"/>
  <testcase classname="TestCase.TC003_LoginDDT" name="verify_Login" time="15.135"/>
  <testcase classname="TestCase.TC003_LoginDDT" name="verify_Login" time="6.518"/>
  <testcase classname="TestCase.TC003_LoginDDT" name="verify_Login" time="14.021"/>
  <testcase classname="TestCase.TC003_LoginDDT" name="verify_Login" time="15.490"/>
</testsuite> <!-- TestCase.TC003_LoginDDT -->
